{
  "RSpec": {
    "coverage": {
      "/Users/arianadorado/Development/HeedTheHerd/spec/controllers/horses_controller_spec.rb": [
        1,
        null,
        1,
        null,
        null
      ],
      "/Users/arianadorado/Development/HeedTheHerd/spec/rails_helper.rb": [
        null,
        1,
        1,
        1,
        1,
        null,
        null,
        null,
        null,
        null,
        null,
        null,
        null,
        null,
        null,
        null,
        null,
        null,
        null,
        null,
        null,
        null,
        null,
        null,
        1,
        null,
        1,
        null,
        1,
        1,
        null,
        null,
        null,
        1,
        null,
        null,
        null,
        null,
        null,
        null,
        null,
        null,
        null,
        null,
        null,
        null,
        null,
        null,
        1,
        null
      ],
      "/Users/arianadorado/Development/HeedTheHerd/config/environment.rb": [
        null,
        1,
        null,
        null,
        1
      ],
      "/Users/arianadorado/Development/HeedTheHerd/config/application.rb": [
        1,
        1,
        null,
        1,
        null,
        null,
        null,
        1,
        null,
        1,
        1,
        null,
        null,
        null,
        null,
        null,
        null,
        null,
        null,
        null,
        null,
        null,
        null,
        null,
        1,
        1,
        null,
        null
      ],
      "/Users/arianadorado/Development/HeedTheHerd/config/boot.rb": [
        1,
        null,
        1
      ],
      "/Users/arianadorado/Development/HeedTheHerd/config/environments/test.rb": [
        1,
        null,
        null,
        null,
        null,
        null,
        null,
        1,
        null,
        null,
        null,
        null,
        1,
        null,
        null,
        1,
        1,
        null,
        null,
        1,
        1,
        null,
        null,
        1,
        null,
        null,
        1,
        null,
        null,
        null,
        null,
        1,
        null,
        null,
        1,
        null,
        null,
        1,
        null,
        null,
        null,
        null
      ],
      "/Users/arianadorado/Development/HeedTheHerd/config/initializers/assets.rb": [
        null,
        null,
        null,
        1,
        null,
        null,
        null,
        null,
        null,
        null,
        null
      ],
      "/Users/arianadorado/Development/HeedTheHerd/config/initializers/backtrace_silencers.rb": [
        null,
        null,
        null,
        null,
        null,
        null,
        null
      ],
      "/Users/arianadorado/Development/HeedTheHerd/config/initializers/cookies_serializer.rb": [
        null,
        null,
        1
      ],
      "/Users/arianadorado/Development/HeedTheHerd/config/initializers/devise.rb": [
        null,
        null,
        1,
        null,
        null,
        null,
        null,
        null,
        null,
        null,
        null,
        null,
        1,
        null,
        null,
        1,
        null,
        null,
        null,
        null,
        null,
        1,
        null,
        null,
        null,
        null,
        null,
        null,
        null,
        null,
        null,
        null,
        null,
        null,
        null,
        null,
        null,
        null,
        null,
        null,
        null,
        null,
        null,
        1,
        null,
        null,
        null,
        null,
        1,
        null,
        null,
        null,
        null,
        null,
        null,
        null,
        null,
        null,
        null,
        null,
        null,
        null,
        null,
        null,
        null,
        null,
        null,
        null,
        null,
        null,
        null,
        null,
        null,
        null,
        null,
        null,
        null,
        null,
        null,
        1,
        null,
        null,
        null,
        null,
        null,
        null,
        null,
        null,
        null,
        null,
        null,
        null,
        null,
        null,
        null,
        null,
        1,
        null,
        null,
        null,
        null,
        null,
        null,
        null,
        null,
        null,
        null,
        null,
        null,
        null,
        null,
        null,
        null,
        null,
        null,
        null,
        null,
        null,
        null,
        null,
        null,
        1,
        null,
        null,
        null,
        null,
        null,
        null,
        null,
        null,
        null,
        1,
        null,
        null,
        null,
        null,
        null,
        null,
        null,
        null,
        null,
        null,
        1,
        null,
        null,
        null,
        null,
        null,
        null,
        null,
        null,
        null,
        null,
        null,
        null,
        null,
        null,
        null,
        null,
        null,
        null,
        null,
        null,
        null,
        null,
        null,
        null,
        null,
        null,
        null,
        null,
        null,
        null,
        null,
        null,
        null,
        null,
        null,
        null,
        null,
        null,
        null,
        null,
        null,
        null,
        null,
        null,
        null,
        null,
        null,
        null,
        1,
        null,
        null,
        null,
        null,
        null,
        null,
        null,
        null,
        null,
        null,
        null,
        null,
        null,
        null,
        null,
        null,
        null,
        null,
        null,
        null,
        null,
        null,
        null,
        null,
        null,
        null,
        null,
        null,
        null,
        null,
        null,
        null,
        null,
        null,
        null,
        null,
        null,
        1,
        null,
        null,
        null,
        null,
        null,
        null,
        null,
        null,
        null,
        null,
        null,
        null,
        null,
        null,
        null,
        null,
        null,
        null,
        null,
        null,
        null,
        null,
        null,
        null,
        null,
        null,
        null,
        null,
        null
      ],
      "/Users/arianadorado/Development/HeedTheHerd/config/initializers/filter_parameter_logging.rb": [
        null,
        null,
        null,
        1
      ],
      "/Users/arianadorado/Development/HeedTheHerd/config/initializers/inflections.rb": [
        null,
        null,
        null,
        null,
        null,
        null,
        null,
        null,
        null,
        null,
        null,
        null,
        null,
        null,
        null,
        null
      ],
      "/Users/arianadorado/Development/HeedTheHerd/config/initializers/mime_types.rb": [
        null,
        null,
        null,
        null
      ],
      "/Users/arianadorado/Development/HeedTheHerd/config/initializers/session_store.rb": [
        null,
        null,
        1
      ],
      "/Users/arianadorado/Development/HeedTheHerd/config/initializers/wrap_parameters.rb": [
        null,
        null,
        null,
        null,
        null,
        null,
        1,
        1,
        null,
        null,
        null,
        null,
        null,
        null
      ],
      "/Users/arianadorado/Development/HeedTheHerd/spec/factories/horses.rb": [

      ],
      "/Users/arianadorado/Development/HeedTheHerd/spec/factories/tasks.rb": [
        1,
        1,
        1,
        1,
        3,
        1,
        null,
        null
      ],
      "/Users/arianadorado/Development/HeedTheHerd/spec/factories/users.rb": [

      ],
      "/Users/arianadorado/Development/HeedTheHerd/config/routes.rb": [
        1,
        null,
        1,
        1,
        1,
        null,
        1,
        null,
        1,
        null,
        1,
        null,
        null,
        null,
        null,
        1,
        1,
        1,
        1,
        null,
        null,
        null,
        null,
        null,
        null,
        null,
        null,
        null,
        null,
        null,
        null,
        null,
        null,
        null,
        null,
        null,
        null,
        null,
        null,
        null,
        null,
        null,
        null,
        null,
        null,
        null,
        null,
        null,
        null,
        null,
        null,
        null,
        null,
        null,
        null,
        null,
        null,
        null,
        null,
        null,
        null,
        null,
        null,
        null,
        null,
        null,
        null,
        null,
        null,
        null,
        null,
        null,
        null,
        null
      ],
      "/Users/arianadorado/Development/HeedTheHerd/app/models/user.rb": [
        1,
        1,
        1,
        null,
        1,
        null,
        null,
        null,
        1,
        null,
        null,
        null,
        null,
        1,
        1,
        0,
        null,
        null,
        null,
        null,
        null
      ],
      "/Users/arianadorado/Development/HeedTheHerd/app/helpers/application_helper.rb": [
        1,
        null
      ],
      "/Users/arianadorado/Development/HeedTheHerd/app/helpers/horses_helper.rb": [
        1,
        null
      ],
      "/Users/arianadorado/Development/HeedTheHerd/app/helpers/static_pages_helper.rb": [
        1,
        null
      ],
      "/Users/arianadorado/Development/HeedTheHerd/app/helpers/tasks_helper.rb": [
        1,
        null,
        null,
        null,
        null
      ],
      "/Users/arianadorado/Development/HeedTheHerd/app/helpers/users_helper.rb": [
        1,
        null
      ],
      "/Users/arianadorado/Development/HeedTheHerd/app/controllers/horses_controller.rb": [
        1,
        1,
        null,
        null,
        1,
        0,
        null,
        null,
        1,
        0,
        null,
        null,
        1,
        0,
        0,
        0,
        null,
        0,
        null,
        null,
        null,
        null,
        1,
        0,
        null,
        null,
        null,
        null,
        null,
        1,
        0,
        0,
        0,
        null,
        0,
        null,
        null,
        null,
        1,
        0,
        0,
        0,
        null,
        null,
        1,
        null,
        1,
        0,
        null,
        null,
        null
      ],
      "/Users/arianadorado/Development/HeedTheHerd/app/controllers/application_controller.rb": [
        1,
        null,
        null,
        1,
        null,
        1,
        0,
        null,
        null
      ],
      "/Users/arianadorado/Development/HeedTheHerd/spec/controllers/static_pages_controller_spec.rb": [
        1,
        null,
        1,
        null,
        1,
        1,
        1,
        1,
        null,
        null,
        null,
        1,
        1,
        1,
        1,
        null,
        null,
        null,
        1,
        1,
        1,
        1,
        null,
        null,
        null,
        null
      ],
      "/Users/arianadorado/Development/HeedTheHerd/app/controllers/static_pages_controller.rb": [
        1,
        1,
        null,
        null,
        null,
        1,
        null,
        null,
        1,
        null,
        null
      ],
      "/Users/arianadorado/Development/HeedTheHerd/spec/controllers/tasks_controller_spec.rb": [
        1,
        null,
        1,
        null,
        null
      ],
      "/Users/arianadorado/Development/HeedTheHerd/app/controllers/tasks_controller.rb": [
        1,
        1,
        null,
        null,
        1,
        0,
        null,
        null,
        1,
        0,
        null,
        null,
        1,
        0,
        0,
        null,
        null,
        1,
        0,
        0,
        0,
        0,
        0,
        null,
        0,
        null,
        0,
        0,
        null,
        null,
        0,
        null,
        null,
        null,
        1,
        0,
        null,
        null,
        1,
        0,
        0,
        0,
        null,
        0,
        null,
        null,
        null,
        1,
        0,
        0,
        0,
        null,
        null,
        1,
        null,
        1,
        0,
        null,
        null,
        null
      ],
      "/Users/arianadorado/Development/HeedTheHerd/spec/controllers/users_controller_spec.rb": [
        1,
        null,
        1,
        null,
        1,
        1,
        1,
        0,
        null,
        null,
        null,
        1,
        1,
        1,
        1,
        null,
        null,
        null,
        1,
        1,
        1,
        1,
        null,
        null,
        null,
        null
      ],
      "/Users/arianadorado/Development/HeedTheHerd/app/controllers/users_controller.rb": [
        1,
        1,
        1,
        null,
        null,
        null,
        0,
        0,
        0,
        0,
        null,
        null,
        null,
        0,
        0,
        0,
        null,
        null,
        null,
        1,
        1,
        null,
        null,
        1,
        null,
        null,
        null
      ],
      "/Users/arianadorado/Development/HeedTheHerd/spec/helpers/horses_helper_spec.rb": [
        1,
        null,
        null,
        null,
        null,
        null,
        null,
        null,
        null,
        null,
        null,
        null,
        1,
        1,
        null
      ],
      "/Users/arianadorado/Development/HeedTheHerd/spec/helpers/static_pages_helper_spec.rb": [
        1,
        null,
        null,
        null,
        null,
        null,
        null,
        null,
        null,
        null,
        null,
        null,
        1,
        1,
        null
      ],
      "/Users/arianadorado/Development/HeedTheHerd/spec/helpers/tasks_helper_spec.rb": [
        1,
        null,
        null,
        null,
        null,
        null,
        null,
        null,
        null,
        null,
        null,
        null,
        1,
        1,
        null
      ],
      "/Users/arianadorado/Development/HeedTheHerd/spec/helpers/users_helper_spec.rb": [
        1,
        null,
        null,
        null,
        null,
        null,
        null,
        null,
        null,
        null,
        null,
        null,
        1,
        1,
        null
      ],
      "/Users/arianadorado/Development/HeedTheHerd/spec/jobs/rainy_check_job_spec.rb": [
        1,
        null,
        1,
        1,
        null
      ],
      "/Users/arianadorado/Development/HeedTheHerd/app/jobs/rainy_check_job.rb": [
        1,
        1,
        null,
        1,
        0,
        0,
        0,
        0,
        null,
        null,
        null,
        null,
        null,
        null,
        null,
        null,
        null,
        null
      ],
      "/Users/arianadorado/Development/HeedTheHerd/spec/jobs/reminder_email_job_spec.rb": [
        1,
        null,
        1,
        1,
        null
      ],
      "/Users/arianadorado/Development/HeedTheHerd/app/jobs/reminder_email_job.rb": [
        1,
        1,
        null,
        1,
        0,
        0,
        0,
        0,
        null,
        null,
        0,
        null,
        null,
        null,
        null,
        null,
        null,
        null,
        null,
        null,
        null,
        null,
        null
      ],
      "/Users/arianadorado/Development/HeedTheHerd/spec/mailers/user_mailer_spec.rb": [
        1,
        null,
        1,
        1,
        null
      ],
      "/Users/arianadorado/Development/HeedTheHerd/app/mailers/user_mailer.rb": [
        1,
        1,
        null,
        1,
        0,
        0,
        null,
        null,
        1,
        0,
        0,
        null,
        null,
        1,
        0,
        0,
        null,
        null
      ],
      "/Users/arianadorado/Development/HeedTheHerd/app/mailers/application_mailer.rb": [
        1,
        1,
        1,
        null
      ],
      "/Users/arianadorado/Development/HeedTheHerd/spec/models/horse_spec.rb": [
        1,
        null,
        1,
        1,
        null
      ],
      "/Users/arianadorado/Development/HeedTheHerd/app/models/horse.rb": [
        1,
        1,
        null,
        1,
        1,
        1,
        1,
        null,
        1,
        null
      ],
      "/Users/arianadorado/Development/HeedTheHerd/spec/models/task_assignment_spec.rb": [
        1,
        null,
        1,
        1,
        null
      ],
      "/Users/arianadorado/Development/HeedTheHerd/app/models/task_assignment.rb": [
        1,
        1,
        1,
        null
      ],
      "/Users/arianadorado/Development/HeedTheHerd/spec/models/task_spec.rb": [
        1,
        1,
        1,
        1,
        null,
        null,
        1,
        1,
        null,
        null,
        null
      ],
      "/Users/arianadorado/Development/HeedTheHerd/app/models/task.rb": [
        1,
        null,
        1,
        1,
        null,
        3,
        null
      ],
      "/Users/arianadorado/Development/HeedTheHerd/spec/models/user_spec.rb": [
        1,
        null,
        1,
        1,
        null,
        1,
        null
      ],
      "/Users/arianadorado/Development/HeedTheHerd/spec/views/static_pages/about.html.erb_spec.rb": [
        1,
        null,
        1,
        1,
        null
      ],
      "/Users/arianadorado/Development/HeedTheHerd/spec/views/static_pages/contact.html.erb_spec.rb": [
        1,
        null,
        1,
        1,
        null
      ],
      "/Users/arianadorado/Development/HeedTheHerd/spec/views/static_pages/index.html.erb_spec.rb": [
        1,
        null,
        1,
        1,
        null
      ],
      "/Users/arianadorado/Development/HeedTheHerd/spec/views/users/index.html.erb_spec.rb": [
        1,
        null,
        1,
        1,
        null
      ],
      "/Users/arianadorado/Development/HeedTheHerd/spec/views/users/profile.html.erb_spec.rb": [
        1,
        null,
        1,
        1,
        null
      ],
      "/Users/arianadorado/Development/HeedTheHerd/spec/views/users/show.html.erb_spec.rb": [
        1,
        null,
        1,
        1,
        null
      ]
    },
    "timestamp": 1429567782
  }
}
